<?xml version="1.0" encoding="UTF-8"?>
<!-- Generated by org.testng.reporters.JUnitXMLReporter -->
<testsuite hostname="DESKTOP-FBG83KF" name="Default test" tests="3" failures="0" timestamp="27 Sep 2018 10:34:27 GMT" time="34.419" errors="0">
  <testcase name="TC_01_Kiemtraphantu" time="10.729" classname="selenium_api.Topc_03_EXERCISE"/>
  <testcase name="TC_02_Kiemtraenable_disable" time="2.654" classname="selenium_api.Topc_03_EXERCISE"/>
  <testcase name="TC_03_KiemtraChon" time="2.148" classname="selenium_api.Topc_03_EXERCISE"/>
</testsuite> <!-- Default test -->
