<?xml version="1.0" encoding="UTF-8"?>
<!-- Generated by org.testng.reporters.JUnitXMLReporter -->
<testsuite hostname="DESKTOP-FBG83KF" name="Default test" tests="5" failures="0" timestamp="23 Sep 2018 17:16:54 GMT" time="54.604" errors="0">
  <testcase name="TC_01_VerifyURLandtitle" time="11.038" classname="selenium_api.Topic_02_EXERCISE"/>
  <testcase name="TC_02_Loginempty" time="3.728" classname="selenium_api.Topic_02_EXERCISE"/>
  <testcase name="TC_03_LoginwithEmailinvalid" time="5.977" classname="selenium_api.Topic_02_EXERCISE"/>
  <testcase name="TC_04_LoginwithPasswordincorrect" time="3.897" classname="selenium_api.Topic_02_EXERCISE"/>
  <testcase name="TC_05_Createanaccount" time="8.418" classname="selenium_api.Topic_02_EXERCISE"/>
</testsuite> <!-- Default test -->
