<?xml version="1.0" encoding="UTF-8"?>
<testng-results skipped="0" failed="0" total="1" passed="1">
  <reporter-output>
  </reporter-output>
  <suite name="Default suite" duration-ms="25079" started-at="2018-09-10T11:35:55Z" finished-at="2018-09-10T11:36:20Z">
    <groups>
    </groups>
    <test name="Default test" duration-ms="25079" started-at="2018-09-10T11:35:55Z" finished-at="2018-09-10T11:36:20Z">
      <class name="selenium_api.Topic_01_CheckEnvironment">
        <test-method status="PASS" signature="beforeClass()[pri:0, instance:selenium_api.Topic_01_CheckEnvironment@224aed64]" name="beforeClass" is-config="true" duration-ms="18120" started-at="2018-09-10T18:35:55Z" finished-at="2018-09-10T18:36:13Z">
          <reporter-output>
          </reporter-output>
        </test-method> <!-- beforeClass -->
        <test-method status="PASS" signature="TC_01_CheckBrowser()[pri:0, instance:selenium_api.Topic_01_CheckEnvironment@224aed64]" name="TC_01_CheckBrowser" duration-ms="5335" started-at="2018-09-10T18:36:13Z" finished-at="2018-09-10T18:36:18Z">
          <reporter-output>
          </reporter-output>
        </test-method> <!-- TC_01_CheckBrowser -->
        <test-method status="PASS" signature="afterClass()[pri:0, instance:selenium_api.Topic_01_CheckEnvironment@224aed64]" name="afterClass" is-config="true" duration-ms="1607" started-at="2018-09-10T18:36:18Z" finished-at="2018-09-10T18:36:20Z">
          <reporter-output>
          </reporter-output>
        </test-method> <!-- afterClass -->
      </class> <!-- selenium_api.Topic_01_CheckEnvironment -->
    </test> <!-- Default test -->
  </suite> <!-- Default suite -->
</testng-results>
